2020-04-12 20:52:46.012  INFO 16644 --- [main] t.esprit.spring.SpringTounsiApplication  : Starting SpringTounsiApplication on DESKTOP-D1BARA8 with PID 16644 (C:\Users\Lenovo\git\TestAvecGit\spring-tounsi\target\classes started by Lenovo in C:\Users\Lenovo\git\TestAvecGit\spring-tounsi)
2020-04-12 20:52:46.023  INFO 16644 --- [main] t.esprit.spring.SpringTounsiApplication  : No active profile set, falling back to default profiles: default
2020-04-12 20:52:46.988  INFO 16644 --- [main] .s.d.r.c.RepositoryConfigurationDelegate : Bootstrapping Spring Data JPA repositories in DEFAULT mode.
2020-04-12 20:52:47.536  INFO 16644 --- [main] .s.d.r.c.RepositoryConfigurationDelegate : Finished Spring Data repository scanning in 125ms. Found 2 JPA repository interfaces.
2020-04-12 20:52:48.075  INFO 16644 --- [main] o.s.b.w.embedded.tomcat.TomcatWebServer  : Tomcat initialized with port(s): 8080 (http)
2020-04-12 20:52:48.094  INFO 16644 --- [main] o.apache.catalina.core.StandardService   : Starting service [Tomcat]
2020-04-12 20:52:48.094  INFO 16644 --- [main] org.apache.catalina.core.StandardEngine  : Starting Servlet engine: [Apache Tomcat/9.0.33]
2020-04-12 20:52:48.260  INFO 16644 --- [main] o.a.c.c.C.[.[localhost].[/SpringMVC]     : Initializing Spring embedded WebApplicationContext
2020-04-12 20:52:48.260  INFO 16644 --- [main] o.s.web.context.ContextLoader            : Root WebApplicationContext: initialization completed in 2162 ms
2020-04-12 20:52:48.403  INFO 16644 --- [main] o.hibernate.jpa.internal.util.LogHelper  : HHH000204: Processing PersistenceUnitInfo [name: default]
2020-04-12 20:52:48.462  INFO 16644 --- [main] org.hibernate.Version                    : HHH000412: Hibernate ORM core version 5.4.12.Final
2020-04-12 20:52:48.575  INFO 16644 --- [main] o.hibernate.annotations.common.Version   : HCANN000001: Hibernate Commons Annotations {5.1.0.Final}
2020-04-12 20:52:48.694  INFO 16644 --- [main] com.zaxxer.hikari.HikariDataSource       : HikariPool-1 - Starting...
2020-04-12 20:52:48.844  INFO 16644 --- [main] com.zaxxer.hikari.HikariDataSource       : HikariPool-1 - Start completed.
2020-04-12 20:52:48.859  INFO 16644 --- [main] org.hibernate.dialect.Dialect            : HHH000400: Using dialect: org.hibernate.dialect.MySQL5InnoDBDialect
2020-04-12 20:52:50.434  INFO 16644 --- [main] o.h.e.t.j.p.i.JtaPlatformInitiator       : HHH000490: Using JtaPlatform implementation: [org.hibernate.engine.transaction.jta.platform.internal.NoJtaPlatform]
2020-04-12 20:52:50.454  INFO 16644 --- [main] j.LocalContainerEntityManagerFactoryBean : Initialized JPA EntityManagerFactory for persistence unit 'default'
2020-04-12 20:52:50.965  WARN 16644 --- [main] JpaBaseConfiguration$JpaWebConfiguration : spring.jpa.open-in-view is enabled by default. Therefore, database queries may be performed during view rendering. Explicitly configure spring.jpa.open-in-view to disable this warning
2020-04-12 20:52:51.126  INFO 16644 --- [main] o.s.s.concurrent.ThreadPoolTaskExecutor  : Initializing ExecutorService 'applicationTaskExecutor'
2020-04-12 20:52:51.300  INFO 16644 --- [main] o.s.b.w.embedded.tomcat.TomcatWebServer  : Tomcat started on port(s): 8080 (http) with context path '/SpringMVC'
2020-04-12 20:52:51.302  INFO 16644 --- [main] t.esprit.spring.SpringTounsiApplication  : Started SpringTounsiApplication in 5.921 seconds (JVM running for 7.318)
2020-04-12 20:53:16.357  INFO 16644 --- [RMI TCP Connection(10)-127.0.0.1] inMXBeanRegistrar$SpringApplicationAdmin : Application shutdown requested.
2020-04-12 20:53:16.362  INFO 16644 --- [RMI TCP Connection(10)-127.0.0.1] o.s.s.concurrent.ThreadPoolTaskExecutor  : Shutting down ExecutorService 'applicationTaskExecutor'
2020-04-12 20:53:16.366  INFO 16644 --- [RMI TCP Connection(10)-127.0.0.1] j.LocalContainerEntityManagerFactoryBean : Closing JPA EntityManagerFactory for persistence unit 'default'
2020-04-12 20:53:16.369  INFO 16644 --- [RMI TCP Connection(10)-127.0.0.1] com.zaxxer.hikari.HikariDataSource       : HikariPool-1 - Shutdown initiated...
2020-04-12 20:53:16.377  INFO 16644 --- [RMI TCP Connection(10)-127.0.0.1] com.zaxxer.hikari.HikariDataSource       : HikariPool-1 - Shutdown completed.
